<?xml version="1.0" encoding="UTF-8"?>
<!-- Generated by org.testng.reporters.JUnitXMLReporter -->
<testsuite hostname="jiangtaodeMacBook-Pro.local" ignored="0" name="TestDebug" tests="3" failures="1" timestamp="04 一月 2020 02:32:48 GMT" time="0.415" errors="0">
  <testcase name="testHttpGet" time="0.075" classname="com.jt.qa.TestHttpClient"/>
  <testcase name="testHttpPostForm" time="0.024" classname="com.jt.qa.TestHttpClient">
    <failure type="java.lang.AssertionError" message="expected [true] but found [false]">
      <![CDATA[java.lang.AssertionError: expected [true] but found [false]
at com.jt.qa.TestHttpClient.testHttpPostForm(TestHttpClient.java:83)
at com.intellij.rt.testng.IDEARemoteTestNG.run(IDEARemoteTestNG.java:66)
at com.intellij.rt.testng.RemoteTestNGStarter.main(RemoteTestNGStarter.java:110)
... Removed 26 stack frames]]>
    </failure>
  </testcase> <!-- testHttpPostForm -->
  <testcase name="testHttpPostJson" time="0.044" classname="com.jt.qa.TestHttpClient"/>
</testsuite> <!-- TestDebug -->
